{
  "Event": {
    "#attributes": {
      "xmlns": "http://schemas.microsoft.com/win/2004/08/events/event"
    },
    "System": {
      "Provider": {
        "#attributes": {
          "Name": "Microsoft-Windows-Sysmon",
          "Guid": "5770385F-C22A-43E0-BF4C-06F5698FFBD9"
        }
      },
      "EventID": 1,
      "Version": 5,
      "Level": 4,
      "Task": 1,
      "Opcode": 0,
      "Keywords": "0x8000000000000000",
      "TimeCreated": {
        "#attributes": {
          "SystemTime": "2026-03-11T05:43:26.345335Z"
        }
      },
      "EventRecordID": 35549,
      "Correlation": null,
      "Execution": {
        "#attributes": {
          "ProcessID": 3208,
          "ThreadID": 1724
        }
      },
      "Channel": "Microsoft-Windows-Sysmon/Operational",
      "Computer": "swachchhanda",
      "Security": {
        "#attributes": {
          "UserID": "S-1-5-18"
        }
      }
    },
    "EventData": {
      "RuleName": "-",
      "UtcTime": "2026-03-11 05:43:26.311",
      "ProcessGuid": "0197231E-00FE-69B1-981A-000000000800",
      "ProcessId": 376,
      "Image": "C:\\Windows\\System32\\reg.exe",
      "FileVersion": "10.0.26100.1 (WinBuild.160101.0800)",
      "Description": "Registry Console Tool",
      "Product": "Microsoft® Windows® Operating System",
      "Company": "Microsoft Corporation",
      "OriginalFileName": "reg.exe",
      "CommandLine": "reg  add \"HKLM\\SOFTWARE\\Policies\\Microsoft\\Windows NT\\SystemRestore\" /v \"DisableConfig\" /t \"REG_DWORD\" /d \"1\" /f",
      "CurrentDirectory": "C:\\Windows\\System32\\",
      "User": "swachchhanda\\xodih",
      "LogonGuid": "0197231E-AB9F-67AA-4C14-030000000000",
      "LogonId": "0x3144c",
      "TerminalSessionId": 1,
      "IntegrityLevel": "High",
      "Hashes": "MD5=573EB13AC2BA31E9C2E17FB6DAD14154,SHA256=E295E776FD4F7F73DFAAA5698A19EA7A2F4A2F0C5E1681FAC94E45D00296C926,IMPHASH=A26BCB048DF34CBB422F2656F38634D0",
      "ParentProcessGuid": "0197231E-5098-69AE-5814-000000000800",
      "ParentProcessId": 15816,
      "ParentImage": "C:\\Windows\\System32\\cmd.exe",
      "ParentCommandLine": "cmd.exe",
      "ParentUser": "swachchhanda\\xodih"
    }
  }
}
{
  "Event": {
    "#attributes": {
      "xmlns": "http://schemas.microsoft.com/win/2004/08/events/event"
    },
    "System": {
      "Provider": {
        "#attributes": {
          "Name": "Microsoft-Windows-Sysmon",
          "Guid": "5770385F-C22A-43E0-BF4C-06F5698FFBD9"
        }
      },
      "EventID": 1,
      "Version": 5,
      "Level": 4,
      "Task": 1,
      "Opcode": 0,
      "Keywords": "0x8000000000000000",
      "TimeCreated": {
        "#attributes": {
          "SystemTime": "2026-03-11T05:43:26.390084Z"
        }
      },
      "EventRecordID": 35550,
      "Correlation": null,
      "Execution": {
        "#attributes": {
          "ProcessID": 3208,
          "ThreadID": 1724
        }
      },
      "Channel": "Microsoft-Windows-Sysmon/Operational",
      "Computer": "swachchhanda",
      "Security": {
        "#attributes": {
          "UserID": "S-1-5-18"
        }
      }
    },
    "EventData": {
      "RuleName": "-",
      "UtcTime": "2026-03-11 05:43:26.378",
      "ProcessGuid": "0197231E-00FE-69B1-991A-000000000800",
      "ProcessId": 12068,
      "Image": "C:\\Windows\\System32\\reg.exe",
      "FileVersion": "10.0.26100.1 (WinBuild.160101.0800)",
      "Description": "Registry Console Tool",
      "Product": "Microsoft® Windows® Operating System",
      "Company": "Microsoft Corporation",
      "OriginalFileName": "reg.exe",
      "CommandLine": "reg  add \"HKLM\\SOFTWARE\\Policies\\Microsoft\\Windows NT\\SystemRestore\" /v \"DisableSR\" /t \"REG_DWORD\" /d \"1\" /f",
      "CurrentDirectory": "C:\\Windows\\System32\\",
      "User": "swachchhanda\\xodih",
      "LogonGuid": "0197231E-AB9F-67AA-4C14-030000000000",
      "LogonId": "0x3144c",
      "TerminalSessionId": 1,
      "IntegrityLevel": "High",
      "Hashes": "MD5=573EB13AC2BA31E9C2E17FB6DAD14154,SHA256=E295E776FD4F7F73DFAAA5698A19EA7A2F4A2F0C5E1681FAC94E45D00296C926,IMPHASH=A26BCB048DF34CBB422F2656F38634D0",
      "ParentProcessGuid": "0197231E-5098-69AE-5814-000000000800",
      "ParentProcessId": 15816,
      "ParentImage": "C:\\Windows\\System32\\cmd.exe",
      "ParentCommandLine": "cmd.exe",
      "ParentUser": "swachchhanda\\xodih"
    }
  }
}
{
  "Event": {
    "#attributes": {
      "xmlns": "http://schemas.microsoft.com/win/2004/08/events/event"
    },
    "System": {
      "Provider": {
        "#attributes": {
          "Name": "Microsoft-Windows-Sysmon",
          "Guid": "5770385F-C22A-43E0-BF4C-06F5698FFBD9"
        }
      },
      "EventID": 1,
      "Version": 5,
      "Level": 4,
      "Task": 1,
      "Opcode": 0,
      "Keywords": "0x8000000000000000",
      "TimeCreated": {
        "#attributes": {
          "SystemTime": "2026-03-11T05:43:26.438522Z"
        }
      },
      "EventRecordID": 35551,
      "Correlation": null,
      "Execution": {
        "#attributes": {
          "ProcessID": 3208,
          "ThreadID": 1724
        }
      },
      "Channel": "Microsoft-Windows-Sysmon/Operational",
      "Computer": "swachchhanda",
      "Security": {
        "#attributes": {
          "UserID": "S-1-5-18"
        }
      }
    },
    "EventData": {
      "RuleName": "-",
      "UtcTime": "2026-03-11 05:43:26.429",
      "ProcessGuid": "0197231E-00FE-69B1-9A1A-000000000800",
      "ProcessId": 2964,
      "Image": "C:\\Windows\\System32\\reg.exe",
      "FileVersion": "10.0.26100.1 (WinBuild.160101.0800)",
      "Description": "Registry Console Tool",
      "Product": "Microsoft® Windows® Operating System",
      "Company": "Microsoft Corporation",
      "OriginalFileName": "reg.exe",
      "CommandLine": "reg  add \"HKLM\\SOFTWARE\\Microsoft\\Windows NT\\CurrentVersion\\SystemRestore\" /v \"DisableConfig\" /t \"REG_DWORD\" /d \"1\" /f",
      "CurrentDirectory": "C:\\Windows\\System32\\",
      "User": "swachchhanda\\xodih",
      "LogonGuid": "0197231E-AB9F-67AA-4C14-030000000000",
      "LogonId": "0x3144c",
      "TerminalSessionId": 1,
      "IntegrityLevel": "High",
      "Hashes": "MD5=573EB13AC2BA31E9C2E17FB6DAD14154,SHA256=E295E776FD4F7F73DFAAA5698A19EA7A2F4A2F0C5E1681FAC94E45D00296C926,IMPHASH=A26BCB048DF34CBB422F2656F38634D0",
      "ParentProcessGuid": "0197231E-5098-69AE-5814-000000000800",
      "ParentProcessId": 15816,
      "ParentImage": "C:\\Windows\\System32\\cmd.exe",
      "ParentCommandLine": "cmd.exe",
      "ParentUser": "swachchhanda\\xodih"
    }
  }
}
{
  "Event": {
    "#attributes": {
      "xmlns": "http://schemas.microsoft.com/win/2004/08/events/event"
    },
    "System": {
      "Provider": {
        "#attributes": {
          "Name": "Microsoft-Windows-Sysmon",
          "Guid": "5770385F-C22A-43E0-BF4C-06F5698FFBD9"
        }
      },
      "EventID": 1,
      "Version": 5,
      "Level": 4,
      "Task": 1,
      "Opcode": 0,
      "Keywords": "0x8000000000000000",
      "TimeCreated": {
        "#attributes": {
          "SystemTime": "2026-03-11T05:43:27.502020Z"
        }
      },
      "EventRecordID": 35552,
      "Correlation": null,
      "Execution": {
        "#attributes": {
          "ProcessID": 3208,
          "ThreadID": 1724
        }
      },
      "Channel": "Microsoft-Windows-Sysmon/Operational",
      "Computer": "swachchhanda",
      "Security": {
        "#attributes": {
          "UserID": "S-1-5-18"
        }
      }
    },
    "EventData": {
      "RuleName": "-",
      "UtcTime": "2026-03-11 05:43:27.480",
      "ProcessGuid": "0197231E-00FF-69B1-9B1A-000000000800",
      "ProcessId": 13620,
      "Image": "C:\\Windows\\System32\\reg.exe",
      "FileVersion": "10.0.26100.1 (WinBuild.160101.0800)",
      "Description": "Registry Console Tool",
      "Product": "Microsoft® Windows® Operating System",
      "Company": "Microsoft Corporation",
      "OriginalFileName": "reg.exe",
      "CommandLine": "reg  add \"HKLM\\SOFTWARE\\Microsoft\\Windows NT\\CurrentVersion\\SystemRestore\" /v \"DisableSR\" /t \"REG_DWORD\" /d \"1\" /f",
      "CurrentDirectory": "C:\\Windows\\System32\\",
      "User": "swachchhanda\\xodih",
      "LogonGuid": "0197231E-AB9F-67AA-4C14-030000000000",
      "LogonId": "0x3144c",
      "TerminalSessionId": 1,
      "IntegrityLevel": "High",
      "Hashes": "MD5=573EB13AC2BA31E9C2E17FB6DAD14154,SHA256=E295E776FD4F7F73DFAAA5698A19EA7A2F4A2F0C5E1681FAC94E45D00296C926,IMPHASH=A26BCB048DF34CBB422F2656F38634D0",
      "ParentProcessGuid": "0197231E-5098-69AE-5814-000000000800",
      "ParentProcessId": 15816,
      "ParentImage": "C:\\Windows\\System32\\cmd.exe",
      "ParentCommandLine": "cmd.exe",
      "ParentUser": "swachchhanda\\xodih"
    }
  }
}
