{
  "Event": {
    "#attributes": {
      "xmlns": "http://schemas.microsoft.com/win/2004/08/events/event"
    },
    "System": {
      "Provider": {
        "#attributes": {
          "Name": "Microsoft-Windows-Sysmon",
          "Guid": "5770385F-C22A-43E0-BF4C-06F5698FFBD9"
        }
      },
      "EventID": 13,
      "Version": 2,
      "Level": 4,
      "Task": 13,
      "Opcode": 0,
      "Keywords": "0x8000000000000000",
      "TimeCreated": {
        "#attributes": {
          "SystemTime": "2026-03-11T05:55:53.550235Z"
        }
      },
      "EventRecordID": 35579,
      "Correlation": null,
      "Execution": {
        "#attributes": {
          "ProcessID": 3208,
          "ThreadID": 1724
        }
      },
      "Channel": "Microsoft-Windows-Sysmon/Operational",
      "Computer": "swachchhanda",
      "Security": {
        "#attributes": {
          "UserID": "S-1-5-18"
        }
      }
    },
    "EventData": {
      "RuleName": "-",
      "EventType": "SetValue",
      "UtcTime": "2026-03-11 05:55:53.547",
      "ProcessGuid": "0197231E-03E9-69B1-BA1A-000000000800",
      "ProcessId": 9860,
      "Image": "C:\\WINDOWS\\system32\\reg.exe",
      "TargetObject": "HKLM\\SOFTWARE\\Policies\\Microsoft\\Windows NT\\SystemRestore\\DisableConfig",
      "Details": "DWORD (0x00000001)",
      "User": "swachchhanda\\xodih"
    }
  }
}
{
  "Event": {
    "#attributes": {
      "xmlns": "http://schemas.microsoft.com/win/2004/08/events/event"
    },
    "System": {
      "Provider": {
        "#attributes": {
          "Name": "Microsoft-Windows-Sysmon",
          "Guid": "5770385F-C22A-43E0-BF4C-06F5698FFBD9"
        }
      },
      "EventID": 13,
      "Version": 2,
      "Level": 4,
      "Task": 13,
      "Opcode": 0,
      "Keywords": "0x8000000000000000",
      "TimeCreated": {
        "#attributes": {
          "SystemTime": "2026-03-11T05:55:53.593526Z"
        }
      },
      "EventRecordID": 35581,
      "Correlation": null,
      "Execution": {
        "#attributes": {
          "ProcessID": 3208,
          "ThreadID": 1724
        }
      },
      "Channel": "Microsoft-Windows-Sysmon/Operational",
      "Computer": "swachchhanda",
      "Security": {
        "#attributes": {
          "UserID": "S-1-5-18"
        }
      }
    },
    "EventData": {
      "RuleName": "-",
      "EventType": "SetValue",
      "UtcTime": "2026-03-11 05:55:53.581",
      "ProcessGuid": "0197231E-03E9-69B1-BB1A-000000000800",
      "ProcessId": 6164,
      "Image": "C:\\WINDOWS\\system32\\reg.exe",
      "TargetObject": "HKLM\\SOFTWARE\\Policies\\Microsoft\\Windows NT\\SystemRestore\\DisableSR",
      "Details": "DWORD (0x00000001)",
      "User": "swachchhanda\\xodih"
    }
  }
}
{
  "Event": {
    "#attributes": {
      "xmlns": "http://schemas.microsoft.com/win/2004/08/events/event"
    },
    "System": {
      "Provider": {
        "#attributes": {
          "Name": "Microsoft-Windows-Sysmon",
          "Guid": "5770385F-C22A-43E0-BF4C-06F5698FFBD9"
        }
      },
      "EventID": 13,
      "Version": 2,
      "Level": 4,
      "Task": 13,
      "Opcode": 0,
      "Keywords": "0x8000000000000000",
      "TimeCreated": {
        "#attributes": {
          "SystemTime": "2026-03-11T05:55:53.648759Z"
        }
      },
      "EventRecordID": 35583,
      "Correlation": null,
      "Execution": {
        "#attributes": {
          "ProcessID": 3208,
          "ThreadID": 1724
        }
      },
      "Channel": "Microsoft-Windows-Sysmon/Operational",
      "Computer": "swachchhanda",
      "Security": {
        "#attributes": {
          "UserID": "S-1-5-18"
        }
      }
    },
    "EventData": {
      "RuleName": "-",
      "EventType": "SetValue",
      "UtcTime": "2026-03-11 05:55:53.645",
      "ProcessGuid": "0197231E-03E9-69B1-BC1A-000000000800",
      "ProcessId": 8776,
      "Image": "C:\\WINDOWS\\system32\\reg.exe",
      "TargetObject": "HKLM\\SOFTWARE\\Microsoft\\Windows NT\\CurrentVersion\\SystemRestore\\DisableConfig",
      "Details": "DWORD (0x00000001)",
      "User": "swachchhanda\\xodih"
    }
  }
}
{
  "Event": {
    "#attributes": {
      "xmlns": "http://schemas.microsoft.com/win/2004/08/events/event"
    },
    "System": {
      "Provider": {
        "#attributes": {
          "Name": "Microsoft-Windows-Sysmon",
          "Guid": "5770385F-C22A-43E0-BF4C-06F5698FFBD9"
        }
      },
      "EventID": 13,
      "Version": 2,
      "Level": 4,
      "Task": 13,
      "Opcode": 0,
      "Keywords": "0x8000000000000000",
      "TimeCreated": {
        "#attributes": {
          "SystemTime": "2026-03-11T05:55:54.364135Z"
        }
      },
      "EventRecordID": 35585,
      "Correlation": null,
      "Execution": {
        "#attributes": {
          "ProcessID": 3208,
          "ThreadID": 1724
        }
      },
      "Channel": "Microsoft-Windows-Sysmon/Operational",
      "Computer": "swachchhanda",
      "Security": {
        "#attributes": {
          "UserID": "S-1-5-18"
        }
      }
    },
    "EventData": {
      "RuleName": "-",
      "EventType": "SetValue",
      "UtcTime": "2026-03-11 05:55:54.362",
      "ProcessGuid": "0197231E-03EA-69B1-BD1A-000000000800",
      "ProcessId": 9004,
      "Image": "C:\\WINDOWS\\system32\\reg.exe",
      "TargetObject": "HKLM\\SOFTWARE\\Microsoft\\Windows NT\\CurrentVersion\\SystemRestore\\DisableSR",
      "Details": "DWORD (0x00000001)",
      "User": "swachchhanda\\xodih"
    }
  }
}
